Using pre-set license
Built from '2022.3/staging' branch; Version is '2022.3.21f1 (bf09ca542b87) revision 12519882'; Using compiler version '192829333'; Build Type 'Release'
OS: 'Windows 10  (10.0.19045) 64bit Professional' Language: 'ko' Physical Memory: 15659 MB
BatchMode: 1, IsHumanControllingUs: 0, StartBugReporterOnCrash: 0, Is64bit: 1, IsPro: 1

COMMAND LINE ARGUMENTS:
C:\Program Files\Unity\Hub\Editor\2022.3.21f1\Editor\Unity.exe
-adb2
-batchMode
-noUpm
-name
AssetImportWorker0
-projectPath
C:/Users/KGA/Documents/GitHub/team2/My project
-logFile
Logs/AssetImportWorker0.log
-srvPort
62206
Successfully changed project path to: C:/Users/KGA/Documents/GitHub/team2/My project
C:/Users/KGA/Documents/GitHub/team2/My project
[UnityMemory] Configuration Parameters - Can be set up in boot.config
    "memorysetup-bucket-allocator-granularity=16"
    "memorysetup-bucket-allocator-bucket-count=8"
    "memorysetup-bucket-allocator-block-size=33554432"
    "memorysetup-bucket-allocator-block-count=8"
    "memorysetup-main-allocator-block-size=16777216"
    "memorysetup-thread-allocator-block-size=16777216"
    "memorysetup-gfx-main-allocator-block-size=16777216"
    "memorysetup-gfx-thread-allocator-block-size=16777216"
    "memorysetup-cache-allocator-block-size=4194304"
    "memorysetup-typetree-allocator-block-size=2097152"
    "memorysetup-profiler-bucket-allocator-granularity=16"
    "memorysetup-profiler-bucket-allocator-bucket-count=8"
    "memorysetup-profiler-bucket-allocator-block-size=33554432"
    "memorysetup-profiler-bucket-allocator-block-count=8"
    "memorysetup-profiler-allocator-block-size=16777216"
    "memorysetup-profiler-editor-allocator-block-size=1048576"
    "memorysetup-temp-allocator-size-main=16777216"
    "memorysetup-job-temp-allocator-block-size=2097152"
    "memorysetup-job-temp-allocator-block-size-background=1048576"
    "memorysetup-job-temp-allocator-reduction-small-platforms=262144"
    "memorysetup-allocator-temp-initial-block-size-main=262144"
    "memorysetup-allocator-temp-initial-block-size-worker=262144"
    "memorysetup-temp-allocator-size-background-worker=32768"
    "memorysetup-temp-allocator-size-job-worker=262144"
    "memorysetup-temp-allocator-size-preload-manager=33554432"
    "memorysetup-temp-allocator-size-nav-mesh-worker=65536"
    "memorysetup-temp-allocator-size-audio-worker=65536"
    "memorysetup-temp-allocator-size-cloud-worker=32768"
    "memorysetup-temp-allocator-size-gi-baking-worker=262144"
    "memorysetup-temp-allocator-size-gfx=262144"
Player connection [15276] Host "[IP] 192.168.0.71 [Port] 0 [Flags] 2 [Guid] 273755906 [EditorId] 273755906 [Version] 1048832 [Id] WindowsEditor(7,DESKTOP-N4PUILS) [Debug] 1 [PackageName] WindowsEditor [ProjectName] Editor" joined multi-casting on [225.0.0.222:54997]...

Player connection [15276] Host "[IP] 192.168.0.71 [Port] 0 [Flags] 2 [Guid] 273755906 [EditorId] 273755906 [Version] 1048832 [Id] WindowsEditor(7,DESKTOP-N4PUILS) [Debug] 1 [PackageName] WindowsEditor [ProjectName] Editor" joined alternative multi-casting on [225.0.0.222:34997]...

[Physics::Module] Initialized MultithreadedJobDispatcher with 11 workers.
Refreshing native plugins compatible for Editor in 14.90 ms, found 3 plugins.
Preloading 0 native plugins for Editor in 0.00 ms.
Initialize engine version: 2022.3.21f1 (bf09ca542b87)
[Subsystems] Discovering subsystems at path C:/Program Files/Unity/Hub/Editor/2022.3.21f1/Editor/Data/Resources/UnitySubsystems
[Subsystems] Discovering subsystems at path C:/Users/KGA/Documents/GitHub/team2/My project/Assets
GfxDevice: creating device client; threaded=0; jobified=0
Direct3D:
    Version:  Direct3D 11.0 [level 11.1]
    Renderer: AMD Radeon(TM) Graphics (ID=0x1638)
    Vendor:   ATI
    VRAM:     7829 MB
    Driver:   31.0.12042.4
Initialize mono
Mono path[0] = 'C:/Program Files/Unity/Hub/Editor/2022.3.21f1/Editor/Data/Managed'
Mono path[1] = 'C:/Program Files/Unity/Hub/Editor/2022.3.21f1/Editor/Data/MonoBleedingEdge/lib/mono/unityjit-win32'
Mono config path = 'C:/Program Files/Unity/Hub/Editor/2022.3.21f1/Editor/Data/MonoBleedingEdge/etc'
Using monoOptions --debugger-agent=transport=dt_socket,embedding=1,server=y,suspend=n,address=127.0.0.1:56204
Begin MonoManager ReloadAssembly
Registering precompiled unity dll's ...
Register platform support module: C:/Program Files/Unity/Hub/Editor/2022.3.21f1/Editor/Data/PlaybackEngines/WindowsStandaloneSupport/UnityEditor.WindowsStandalone.Extensions.dll
Registered in 0.011090 seconds.
- Loaded All Assemblies, in  0.524 seconds
Native extension for WindowsStandalone target not found
Mono: successfully reloaded assembly
- Finished resetting the current domain, in  0.365 seconds
Domain Reload Profiling: 888ms
	BeginReloadAssembly (176ms)
		ExecutionOrderSort (0ms)
		DisableScriptedObjects (0ms)
		BackupInstance (0ms)
		ReleaseScriptingObjects (0ms)
		CreateAndSetChildDomain (1ms)
	RebuildCommonClasses (44ms)
	RebuildNativeTypeToScriptingClass (13ms)
	initialDomainReloadingComplete (81ms)
	LoadAllAssembliesAndSetupDomain (209ms)
		LoadAssemblies (173ms)
		RebuildTransferFunctionScriptingTraits (0ms)
		AnalyzeDomain (206ms)
			TypeCache.Refresh (203ms)
				TypeCache.ScanAssembly (181ms)
			ScanForSourceGeneratedMonoScriptInfo (0ms)
			ResolveRequiredComponents (1ms)
	FinalizeReload (365ms)
		ReleaseScriptCaches (0ms)
		RebuildScriptCaches (0ms)
		SetupLoadedEditorAssemblies (287ms)
			LogAssemblyErrors (0ms)
			InitializePlatformSupportModulesInManaged (12ms)
			SetLoadedEditorAssemblies (10ms)
			RefreshPlugins (0ms)
			BeforeProcessingInitializeOnLoad (3ms)
			ProcessInitializeOnLoadAttributes (195ms)
			ProcessInitializeOnLoadMethodAttributes (67ms)
			AfterProcessingInitializeOnLoad (0ms)
			EditorAssembliesLoaded (0ms)
		ExecutionOrderSort2 (0ms)
		AwakeInstancesAfterBackupRestoration (0ms)
========================================================================
Worker process is ready to serve import requests
Begin MonoManager ReloadAssembly
- Loaded All Assemblies, in  0.932 seconds
Refreshing native plugins compatible for Editor in 4.47 ms, found 3 plugins.
Native extension for WindowsStandalone target not found
Package Manager log level set to [2]
[Package Manager] Server::EnsureServerProcessIsRunning -- launch failed, reason: Unity was launched with the -noUpm command-line argument
[Package Manager] UpmClient::Send -- Unable to send message (not connected to UPM process).
[Package Manager] Cannot connect to Unity Package Manager local server
Mono: successfully reloaded assembly
- Finished resetting the current domain, in  0.753 seconds
Domain Reload Profiling: 1682ms
	BeginReloadAssembly (215ms)
		ExecutionOrderSort (0ms)
		DisableScriptedObjects (6ms)
		BackupInstance (0ms)
		ReleaseScriptingObjects (0ms)
		CreateAndSetChildDomain (40ms)
	RebuildCommonClasses (47ms)
	RebuildNativeTypeToScriptingClass (11ms)
	initialDomainReloadingComplete (51ms)
	LoadAllAssembliesAndSetupDomain (604ms)
		LoadAssemblies (465ms)
		RebuildTransferFunctionScriptingTraits (0ms)
		AnalyzeDomain (265ms)
			TypeCache.Refresh (238ms)
				TypeCache.ScanAssembly (212ms)
			ScanForSourceGeneratedMonoScriptInfo (19ms)
			ResolveRequiredComponents (5ms)
	FinalizeReload (755ms)
		ReleaseScriptCaches (0ms)
		RebuildScriptCaches (0ms)
		SetupLoadedEditorAssemblies (551ms)
			LogAssemblyErrors (0ms)
			InitializePlatformSupportModulesInManaged (8ms)
			SetLoadedEditorAssemblies (4ms)
			RefreshPlugins (0ms)
			BeforeProcessingInitializeOnLoad (81ms)
			ProcessInitializeOnLoadAttributes (409ms)
			ProcessInitializeOnLoadMethodAttributes (35ms)
			AfterProcessingInitializeOnLoad (13ms)
			EditorAssembliesLoaded (0ms)
		ExecutionOrderSort2 (0ms)
		AwakeInstancesAfterBackupRestoration (8ms)
Launched and connected shader compiler UnityShaderCompiler.exe after 0.08 seconds
Refreshing native plugins compatible for Editor in 3.74 ms, found 3 plugins.
Preloading 0 native plugins for Editor in 0.00 ms.
Unloading 3207 Unused Serialized files (Serialized files now loaded: 0)
Unloading 92 unused Assets / (10.7 MB). Loaded Objects now: 3609.
Memory consumption went from 177.0 MB to 166.3 MB.
Total: 13.075800 ms (FindLiveObjects: 0.632600 ms CreateObjectMapping: 0.110200 ms MarkObjects: 3.781500 ms  DeleteObjects: 8.550100 ms)

AssetImportParameters requested are different than current active one (requested -> active):
  custom:container-demuxer-ogg: 62fdf1f143b41e24485cea50d1cbac27 -> 
  custom:video-decoder-ogg-theora: a1e56fd34408186e4bbccfd4996cb3dc -> 
  custom:framework-win-MediaFoundation: 216162199b28c13a410421893ffa2e32 -> 
  custom:CustomObjectIndexerAttribute: 9a22284fe3817be447336de3de66b15e -> 
  custom:container-demuxer-webm: 4f35f7cbe854078d1ac9338744f61a02 -> 
  custom:container-muxer-webm: aa71ff27fc2769a1b78a27578f13a17b -> 
  custom:video-decoder-webm-vp8: 9c59270c3fd7afecdb556c50c9e8de78 -> 
  custom:SearchIndexIgnoredProperties: e643bd26f0fe6173181afceb89e7c659 -> 
  custom:AudioImporter_EditorPlatform: d09bf68614088b80899f8185d706f6e7 -> 
  custom:video-encoder-webm-vp8: eb34c28f22e8b96e1ab97ce403110664 -> 
  custom:audio-decoder-ogg-vorbis: bf7c407c2cedff20999df2af8eb42d56 -> 
  custom:audio-encoder-webm-vorbis: bf7c407c2cedff20999df2af8eb42d56 -> 
========================================================================
Received Import Request.
  Time since last request: 27435.611061 seconds.
  path: Assets/Kyubi closet/Maya/Houki/HOD/1.obj
  artifactKey: Guid(021b45e953c79f048b7caab62bfe66e9) Importer(815301076,1909f56bfc062723c751e8b465ee728b)
Start importing Assets/Kyubi closet/Maya/Houki/HOD/1.obj using Guid(021b45e953c79f048b7caab62bfe66e9) Importer(815301076,1909f56bfc062723c751e8b465ee728b)  -> (artifact id: 'a05ff2903a44aa63b94fdf2e9954f9cc') in 0.311906 seconds
Number of updated asset objects reloaded before import = 0
Number of asset objects unloaded after import = 10
========================================================================
Received Import Request.
  Time since last request: 0.653923 seconds.
  path: Assets/Kyubi closet/Maya/Houki/HOD/3.obj
  artifactKey: Guid(dc2d5323e6c09e24d9ab714c05520485) Importer(815301076,1909f56bfc062723c751e8b465ee728b)
Start importing Assets/Kyubi closet/Maya/Houki/HOD/3.obj using Guid(dc2d5323e6c09e24d9ab714c05520485) Importer(815301076,1909f56bfc062723c751e8b465ee728b)  -> (artifact id: '048f6e24885395d10ee0ff8299750e11') in 0.033756 seconds
Number of updated asset objects reloaded before import = 0
Number of asset objects unloaded after import = 10
========================================================================
Received Import Request.
  Time since last request: 0.549167 seconds.
  path: Assets/Kyubi closet/Maya/Houki/HOD/2.obj
  artifactKey: Guid(d897e9ed30a041a41a82a7808d0cfc60) Importer(815301076,1909f56bfc062723c751e8b465ee728b)
Start importing Assets/Kyubi closet/Maya/Houki/HOD/2.obj using Guid(d897e9ed30a041a41a82a7808d0cfc60) Importer(815301076,1909f56bfc062723c751e8b465ee728b)  -> (artifact id: 'e6236762d26fa763a3c0c924de74617b') in 0.038610 seconds
Number of updated asset objects reloaded before import = 0
Number of asset objects unloaded after import = 10
========================================================================
Received Import Request.
  Time since last request: 78.723670 seconds.
  path: Assets/Scenes
  artifactKey: Guid(2e990b322ec9c264bb6aadac449361ec) Importer(815301076,1909f56bfc062723c751e8b465ee728b)
Start importing Assets/Scenes using Guid(2e990b322ec9c264bb6aadac449361ec) Importer(815301076,1909f56bfc062723c751e8b465ee728b)  -> (artifact id: 'ae4f390495a347621c4258eb90d33f29') in 0.000484 seconds
Number of updated asset objects reloaded before import = 0
Number of asset objects unloaded after import = 0
========================================================================
Received Import Request.
  Time since last request: 41.624070 seconds.
  path: Assets/Kyubi closet
  artifactKey: Guid(9f7e3207ad8ca3047a00de6469dc582d) Importer(815301076,1909f56bfc062723c751e8b465ee728b)
Start importing Assets/Kyubi closet using Guid(9f7e3207ad8ca3047a00de6469dc582d) Importer(815301076,1909f56bfc062723c751e8b465ee728b)  -> (artifact id: 'ef8b441962bd6b04d29719713bf91ff6') in 0.000553 seconds
Number of updated asset objects reloaded before import = 0
Number of asset objects unloaded after import = 0
========================================================================
Received Import Request.
  Time since last request: 2.207726 seconds.
  path: Assets/Kyubi closet/Maya
  artifactKey: Guid(eb154a082cccb8748bc530f2ef6ff574) Importer(815301076,1909f56bfc062723c751e8b465ee728b)
Start importing Assets/Kyubi closet/Maya using Guid(eb154a082cccb8748bc530f2ef6ff574) Importer(815301076,1909f56bfc062723c751e8b465ee728b)  -> (artifact id: '84b8fd58e7e64d17b35fb063a42ca2d0') in 0.000445 seconds
Number of updated asset objects reloaded before import = 0
Number of asset objects unloaded after import = 0
========================================================================
Received Import Request.
  Time since last request: 3.954909 seconds.
  path: Assets/Kyubi closet/Maya/Animations
  artifactKey: Guid(966d1d86a581cf644903e17eb5b2c03f) Importer(815301076,1909f56bfc062723c751e8b465ee728b)
Start importing Assets/Kyubi closet/Maya/Animations using Guid(966d1d86a581cf644903e17eb5b2c03f) Importer(815301076,1909f56bfc062723c751e8b465ee728b)  -> (artifact id: '7cb21371ead1bb2489bd4089427199ac') in 0.000641 seconds
Number of updated asset objects reloaded before import = 0
Number of asset objects unloaded after import = 0
========================================================================
Received Import Request.
  Time since last request: 248.897088 seconds.
  path: Assets/Kyubi closet/Maya/Animations/Maya_Action.controller
  artifactKey: Guid(27fd2a3df27955743bccf56eda2081ed) Importer(815301076,1909f56bfc062723c751e8b465ee728b)
Start importing Assets/Kyubi closet/Maya/Animations/Maya_Action.controller using Guid(27fd2a3df27955743bccf56eda2081ed) Importer(815301076,1909f56bfc062723c751e8b465ee728b)  -> (artifact id: '02248221ad64d8471310288ef0db7b1c') in 0.152061 seconds
Number of updated asset objects reloaded before import = 0
Number of asset objects unloaded after import = 108
========================================================================
Received Import Request.
  Time since last request: 0.554581 seconds.
  path: Assets/Kyubi closet/Maya/Animations/Maya_FX.controller
  artifactKey: Guid(1e904351172951748aae01c98f37bcad) Importer(815301076,1909f56bfc062723c751e8b465ee728b)
Start importing Assets/Kyubi closet/Maya/Animations/Maya_FX.controller using Guid(1e904351172951748aae01c98f37bcad) Importer(815301076,1909f56bfc062723c751e8b465ee728b)  -> (artifact id: 'ec4bf69e17b8824d3b1dae35fa536c49') in 0.051728 seconds
Number of updated asset objects reloaded before import = 0
Number of asset objects unloaded after import = 167
========================================================================
Received Import Request.
  Time since last request: 5.946620 seconds.
  path: Assets/Kyubi closet/Maya/Animations/Gestures
  artifactKey: Guid(3a5bb10b909c4fc469db6e965f1c8775) Importer(815301076,1909f56bfc062723c751e8b465ee728b)
Start importing Assets/Kyubi closet/Maya/Animations/Gestures using Guid(3a5bb10b909c4fc469db6e965f1c8775) Importer(815301076,1909f56bfc062723c751e8b465ee728b)  -> (artifact id: '253f8a056bfe236de3a874fc3f7e7ecb') in 0.000512 seconds
Number of updated asset objects reloaded before import = 0
Number of asset objects unloaded after import = 0
========================================================================
Received Import Request.
  Time since last request: 0.988637 seconds.
  path: Assets/Kyubi closet/Maya/Animations/Gestures/Hand_Fist.anim
  artifactKey: Guid(d94f2231e0b0ad44aa1d9ed74d158129) Importer(815301076,1909f56bfc062723c751e8b465ee728b)
Start importing Assets/Kyubi closet/Maya/Animations/Gestures/Hand_Fist.anim using Guid(d94f2231e0b0ad44aa1d9ed74d158129) Importer(815301076,1909f56bfc062723c751e8b465ee728b)  -> (artifact id: 'f1c73884804485e9a5d62ff4ab558177') in 0.001901 seconds
Number of updated asset objects reloaded before import = 0
Number of asset objects unloaded after import = 1
========================================================================
Received Import Request.
  Time since last request: 30.080040 seconds.
  path: Assets/Kyubi closet/Maya/Maya.prefab
  artifactKey: Guid(2c9634d4306a3f34b90844853f2ade99) Importer(815301076,1909f56bfc062723c751e8b465ee728b)
Start importing Assets/Kyubi closet/Maya/Maya.prefab using Guid(2c9634d4306a3f34b90844853f2ade99) Importer(815301076,1909f56bfc062723c751e8b465ee728b)  -> (artifact id: '34295558199ae0205e8fc71519edc4dc') in 0.388707 seconds
Number of updated asset objects reloaded before import = 0
Number of asset objects unloaded after import = 703
========================================================================
Received Import Request.
  Time since last request: 1.602521 seconds.
  path: Assets/Kyubi closet/Maya/Animations/Action
  artifactKey: Guid(603c37d611580454290137c68d6cf56a) Importer(815301076,1909f56bfc062723c751e8b465ee728b)
Start importing Assets/Kyubi closet/Maya/Animations/Action using Guid(603c37d611580454290137c68d6cf56a) Importer(815301076,1909f56bfc062723c751e8b465ee728b)  -> (artifact id: '08270bf4596aed59c3b8131cb3d68462') in 0.001080 seconds
Number of updated asset objects reloaded before import = 0
Number of asset objects unloaded after import = 0
========================================================================
Received Import Request.
  Time since last request: 18.739154 seconds.
  path: Assets/Kyubi closet/Maya/Animations/Maya_Gesture.controller
  artifactKey: Guid(611013a1307c0c04eb1b14a4a4b4d9eb) Importer(815301076,1909f56bfc062723c751e8b465ee728b)
Start importing Assets/Kyubi closet/Maya/Animations/Maya_Gesture.controller using Guid(611013a1307c0c04eb1b14a4a4b4d9eb) Importer(815301076,1909f56bfc062723c751e8b465ee728b)  -> (artifact id: '120f7b569c100abe4696239e8a2f364a') in 0.007850 seconds
Number of updated asset objects reloaded before import = 0
Number of asset objects unloaded after import = 44
========================================================================
Received Prepare
Begin MonoManager ReloadAssembly
- Loaded All Assemblies, in  0.792 seconds
Refreshing native plugins compatible for Editor in 3.10 ms, found 3 plugins.
Native extension for WindowsStandalone target not found
[Package Manager] Server::EnsureServerProcessIsRunning -- launch failed, reason: Unity was launched with the -noUpm command-line argument
[Package Manager] UpmClient::Send -- Unable to send message (not connected to UPM process).
[Package Manager] Cannot connect to Unity Package Manager local server
Mono: successfully reloaded assembly
- Finished resetting the current domain, in  1.460 seconds
Domain Reload Profiling: 2250ms
	BeginReloadAssembly (171ms)
		ExecutionOrderSort (0ms)
		DisableScriptedObjects (5ms)
		BackupInstance (0ms)
		ReleaseScriptingObjects (0ms)
		CreateAndSetChildDomain (48ms)
	RebuildCommonClasses (33ms)
	RebuildNativeTypeToScriptingClass (11ms)
	initialDomainReloadingComplete (36ms)
	LoadAllAssembliesAndSetupDomain (539ms)
		LoadAssemblies (607ms)
		RebuildTransferFunctionScriptingTraits (0ms)
		AnalyzeDomain (17ms)
			TypeCache.Refresh (9ms)
				TypeCache.ScanAssembly (0ms)
			ScanForSourceGeneratedMonoScriptInfo (0ms)
			ResolveRequiredComponents (5ms)
	FinalizeReload (1461ms)
		ReleaseScriptCaches (0ms)
		RebuildScriptCaches (0ms)
		SetupLoadedEditorAssemblies (456ms)
			LogAssemblyErrors (0ms)
			InitializePlatformSupportModulesInManaged (11ms)
			SetLoadedEditorAssemblies (3ms)
			RefreshPlugins (0ms)
			BeforeProcessingInitializeOnLoad (75ms)
			ProcessInitializeOnLoadAttributes (327ms)
			ProcessInitializeOnLoadMethodAttributes (31ms)
			AfterProcessingInitializeOnLoad (8ms)
			EditorAssembliesLoaded (0ms)
		ExecutionOrderSort2 (0ms)
		AwakeInstancesAfterBackupRestoration (8ms)
Refreshing native plugins compatible for Editor in 3.54 ms, found 3 plugins.
Preloading 0 native plugins for Editor in 0.00 ms.
Unloading 3148 Unused Serialized files (Serialized files now loaded: 0)
Unloading 83 unused Assets / (10.7 MB). Loaded Objects now: 3659.
Memory consumption went from 172.8 MB to 162.1 MB.
Total: 18.454300 ms (FindLiveObjects: 0.470500 ms CreateObjectMapping: 0.105300 ms MarkObjects: 4.494400 ms  DeleteObjects: 13.383200 ms)

Prepare: number of updated asset objects reloaded= 0
AssetImportParameters requested are different than current active one (requested -> active):
  custom:container-demuxer-ogg: 62fdf1f143b41e24485cea50d1cbac27 -> 
  custom:video-decoder-ogg-theora: a1e56fd34408186e4bbccfd4996cb3dc -> 
  custom:framework-win-MediaFoundation: 216162199b28c13a410421893ffa2e32 -> 
  custom:CustomObjectIndexerAttribute: 9a22284fe3817be447336de3de66b15e -> 
  custom:container-demuxer-webm: 4f35f7cbe854078d1ac9338744f61a02 -> 
  custom:container-muxer-webm: aa71ff27fc2769a1b78a27578f13a17b -> 
  custom:video-decoder-webm-vp8: 9c59270c3fd7afecdb556c50c9e8de78 -> 
  custom:SearchIndexIgnoredProperties: e643bd26f0fe6173181afceb89e7c659 -> 
  custom:AudioImporter_EditorPlatform: d09bf68614088b80899f8185d706f6e7 -> 
  custom:video-encoder-webm-vp8: eb34c28f22e8b96e1ab97ce403110664 -> 
  custom:audio-decoder-ogg-vorbis: bf7c407c2cedff20999df2af8eb42d56 -> 
  custom:audio-encoder-webm-vorbis: bf7c407c2cedff20999df2af8eb42d56 -> 
========================================================================
Received Import Request.
  Time since last request: 135.980937 seconds.
  path: Assets/Kyubi closet/Maya/Animations/Locomotion
  artifactKey: Guid(c8884c8e4a9e3224390dd333d3f7be0f) Importer(815301076,1909f56bfc062723c751e8b465ee728b)
Start importing Assets/Kyubi closet/Maya/Animations/Locomotion using Guid(c8884c8e4a9e3224390dd333d3f7be0f) Importer(815301076,1909f56bfc062723c751e8b465ee728b)  -> (artifact id: 'a7fce9dc7eaa708dd4ebf554ac8320bd') in 0.002141 seconds
Number of updated asset objects reloaded before import = 0
Number of asset objects unloaded after import = 0
========================================================================
Received Import Request.
  Time since last request: 2.792573 seconds.
  path: Assets/Kyubi closet/Maya/Animations/Locomotion/Maya_Sitting.anim
  artifactKey: Guid(c11fc66eef4b3d14dbc7558cddee1873) Importer(815301076,1909f56bfc062723c751e8b465ee728b)
Start importing Assets/Kyubi closet/Maya/Animations/Locomotion/Maya_Sitting.anim using Guid(c11fc66eef4b3d14dbc7558cddee1873) Importer(815301076,1909f56bfc062723c751e8b465ee728b)  -> (artifact id: '92dd6a26a036cffcf8e7486c057a0457') in 0.008464 seconds
Number of updated asset objects reloaded before import = 0
Number of asset objects unloaded after import = 1
========================================================================
Received Import Request.
  Time since last request: 11.020546 seconds.
  path: Assets/Kyubi closet/Maya/Particle emotions
  artifactKey: Guid(1dec2d60b39ab4b4b8965ad2a5870d69) Importer(815301076,1909f56bfc062723c751e8b465ee728b)
Start importing Assets/Kyubi closet/Maya/Particle emotions using Guid(1dec2d60b39ab4b4b8965ad2a5870d69) Importer(815301076,1909f56bfc062723c751e8b465ee728b)  -> (artifact id: 'c5fd2c6e90fe40d26a3ec2c7187a5716') in 0.000467 seconds
Number of updated asset objects reloaded before import = 0
Number of asset objects unloaded after import = 0
========================================================================
Received Import Request.
  Time since last request: 0.708692 seconds.
  path: Assets/Kyubi closet/Maya/Materials
  artifactKey: Guid(1bcc19121275f5643ac47cedbe1f2e64) Importer(815301076,1909f56bfc062723c751e8b465ee728b)
Start importing Assets/Kyubi closet/Maya/Materials using Guid(1bcc19121275f5643ac47cedbe1f2e64) Importer(815301076,1909f56bfc062723c751e8b465ee728b)  -> (artifact id: 'b49a34b87514d9dab27fb5440e64ce95') in 0.000776 seconds
Number of updated asset objects reloaded before import = 0
Number of asset objects unloaded after import = 0
========================================================================
Received Import Request.
  Time since last request: 0.429364 seconds.
  path: Assets/Kyubi closet/Maya/Models
  artifactKey: Guid(835d4891948d0b346af18787d9b3b966) Importer(815301076,1909f56bfc062723c751e8b465ee728b)
Start importing Assets/Kyubi closet/Maya/Models using Guid(835d4891948d0b346af18787d9b3b966) Importer(815301076,1909f56bfc062723c751e8b465ee728b)  -> (artifact id: '8859521eebddba9f370a0c3e9df463bb') in 0.000587 seconds
Number of updated asset objects reloaded before import = 0
Number of asset objects unloaded after import = 0
========================================================================
Received Import Request.
  Time since last request: 2.974080 seconds.
  path: Assets/Kyubi closet/Maya/Houki
  artifactKey: Guid(827d5db60e341674baec2b3862611974) Importer(815301076,1909f56bfc062723c751e8b465ee728b)
Start importing Assets/Kyubi closet/Maya/Houki using Guid(827d5db60e341674baec2b3862611974) Importer(815301076,1909f56bfc062723c751e8b465ee728b)  -> (artifact id: '7b5020e4fd8b77ad9d6a91f5bcfec4d2') in 0.001142 seconds
Number of updated asset objects reloaded before import = 0
Number of asset objects unloaded after import = 0
========================================================================
Received Import Request.
  Time since last request: 0.478746 seconds.
  path: Assets/Kyubi closet/Maya/Expressions
  artifactKey: Guid(fcc9da84c1d24c84d8753e002de2959c) Importer(815301076,1909f56bfc062723c751e8b465ee728b)
Start importing Assets/Kyubi closet/Maya/Expressions using Guid(fcc9da84c1d24c84d8753e002de2959c) Importer(815301076,1909f56bfc062723c751e8b465ee728b)  -> (artifact id: '89ff8454994bc090d796ee2d12be2c60') in 0.000707 seconds
Number of updated asset objects reloaded before import = 0
Number of asset objects unloaded after import = 0
========================================================================
Received Import Request.
  Time since last request: 4.562392 seconds.
  path: Assets/Kyubi closet/Maya/Animations/Action/afk_end.anim
  artifactKey: Guid(4d6e90e3e17b50d45936628a47dfe13a) Importer(815301076,1909f56bfc062723c751e8b465ee728b)
Start importing Assets/Kyubi closet/Maya/Animations/Action/afk_end.anim using Guid(4d6e90e3e17b50d45936628a47dfe13a) Importer(815301076,1909f56bfc062723c751e8b465ee728b)  -> (artifact id: 'b307b99890df46072cbb8d13552e2038') in 0.024009 seconds
Number of updated asset objects reloaded before import = 0
Number of asset objects unloaded after import = 1
========================================================================
Received Import Request.
  Time since last request: 0.571432 seconds.
  path: Assets/Kyubi closet/Maya/Animations/Action/afk_start.anim
  artifactKey: Guid(b0bd4ad711c922e45ab3ff392a284338) Importer(815301076,1909f56bfc062723c751e8b465ee728b)
Start importing Assets/Kyubi closet/Maya/Animations/Action/afk_start.anim using Guid(b0bd4ad711c922e45ab3ff392a284338) Importer(815301076,1909f56bfc062723c751e8b465ee728b)  -> (artifact id: 'aa10bf795e50c9ade1efe15ee3809c8e') in 0.017464 seconds
Number of updated asset objects reloaded before import = 0
Number of asset objects unloaded after import = 1
========================================================================
Received Import Request.
  Time since last request: 0.372256 seconds.
  path: Assets/Kyubi closet/Maya/Animations/Action/Stand_still.anim
  artifactKey: Guid(28395d8f53b9fbe4e882fdabcf212c30) Importer(815301076,1909f56bfc062723c751e8b465ee728b)
Start importing Assets/Kyubi closet/Maya/Animations/Action/Stand_still.anim using Guid(28395d8f53b9fbe4e882fdabcf212c30) Importer(815301076,1909f56bfc062723c751e8b465ee728b)  -> (artifact id: 'e38799971bd1ee3fa468b157ba4252ac') in 0.002113 seconds
Number of updated asset objects reloaded before import = 0
Number of asset objects unloaded after import = 1
========================================================================
Received Import Request.
  Time since last request: 0.350299 seconds.
  path: Assets/Kyubi closet/Maya/Animations/Action/maya_afk.anim
  artifactKey: Guid(bafd6b04c60df034289ea25bf89ae7aa) Importer(815301076,1909f56bfc062723c751e8b465ee728b)
Start importing Assets/Kyubi closet/Maya/Animations/Action/maya_afk.anim using Guid(bafd6b04c60df034289ea25bf89ae7aa) Importer(815301076,1909f56bfc062723c751e8b465ee728b)  -> (artifact id: 'f70ab7009abc313f51c65a96bf59f874') in 0.087784 seconds
Number of updated asset objects reloaded before import = 0
Number of asset objects unloaded after import = 1
========================================================================
Received Import Request.
  Time since last request: 11.683218 seconds.
  path: Assets/Kyubi closet/Maya/Animations/Action/Body all.controller
  artifactKey: Guid(81e598b72360ea844b4cee36709d7c13) Importer(815301076,1909f56bfc062723c751e8b465ee728b)
Start importing Assets/Kyubi closet/Maya/Animations/Action/Body all.controller using Guid(81e598b72360ea844b4cee36709d7c13) Importer(815301076,1909f56bfc062723c751e8b465ee728b)  -> (artifact id: '2d81cf2446fac214549128b63bed2acc') in 0.002925 seconds
Number of updated asset objects reloaded before import = 0
Number of asset objects unloaded after import = 4
========================================================================
Received Prepare
Begin MonoManager ReloadAssembly
- Loaded All Assemblies, in  0.457 seconds
Refreshing native plugins compatible for Editor in 2.94 ms, found 3 plugins.
Native extension for WindowsStandalone target not found
[Package Manager] Server::EnsureServerProcessIsRunning -- launch failed, reason: Unity was launched with the -noUpm command-line argument
[Package Manager] UpmClient::Send -- Unable to send message (not connected to UPM process).
[Package Manager] Cannot connect to Unity Package Manager local server
Mono: successfully reloaded assembly
- Finished resetting the current domain, in  1.062 seconds
Domain Reload Profiling: 1515ms
	BeginReloadAssembly (165ms)
		ExecutionOrderSort (0ms)
		DisableScriptedObjects (5ms)
		BackupInstance (0ms)
		ReleaseScriptingObjects (0ms)
		CreateAndSetChildDomain (38ms)
	RebuildCommonClasses (34ms)
	RebuildNativeTypeToScriptingClass (11ms)
	initialDomainReloadingComplete (33ms)
	LoadAllAssembliesAndSetupDomain (209ms)
		LoadAssemblies (291ms)
		RebuildTransferFunctionScriptingTraits (0ms)
		AnalyzeDomain (11ms)
			TypeCache.Refresh (6ms)
				TypeCache.ScanAssembly (0ms)
			ScanForSourceGeneratedMonoScriptInfo (0ms)
			ResolveRequiredComponents (3ms)
	FinalizeReload (1062ms)
		ReleaseScriptCaches (0ms)
		RebuildScriptCaches (0ms)
		SetupLoadedEditorAssemblies (489ms)
			LogAssemblyErrors (0ms)
			InitializePlatformSupportModulesInManaged (8ms)
			SetLoadedEditorAssemblies (7ms)
			RefreshPlugins (0ms)
			BeforeProcessingInitializeOnLoad (82ms)
			ProcessInitializeOnLoadAttributes (353ms)
			ProcessInitializeOnLoadMethodAttributes (31ms)
			AfterProcessingInitializeOnLoad (8ms)
			EditorAssembliesLoaded (0ms)
		ExecutionOrderSort2 (0ms)
		AwakeInstancesAfterBackupRestoration (7ms)
Refreshing native plugins compatible for Editor in 4.09 ms, found 3 plugins.
Preloading 0 native plugins for Editor in 0.00 ms.
Unloading 3148 Unused Serialized files (Serialized files now loaded: 0)
Unloading 83 unused Assets / (10.8 MB). Loaded Objects now: 3662.
Memory consumption went from 174.8 MB to 164.0 MB.
Total: 14.790200 ms (FindLiveObjects: 0.827500 ms CreateObjectMapping: 0.215200 ms MarkObjects: 4.270300 ms  DeleteObjects: 9.475300 ms)

Prepare: number of updated asset objects reloaded= 0
AssetImportParameters requested are different than current active one (requested -> active):
  custom:container-demuxer-ogg: 62fdf1f143b41e24485cea50d1cbac27 -> 
  custom:video-decoder-ogg-theora: a1e56fd34408186e4bbccfd4996cb3dc -> 
  custom:framework-win-MediaFoundation: 216162199b28c13a410421893ffa2e32 -> 
  custom:CustomObjectIndexerAttribute: 9a22284fe3817be447336de3de66b15e -> 
  custom:container-demuxer-webm: 4f35f7cbe854078d1ac9338744f61a02 -> 
  custom:container-muxer-webm: aa71ff27fc2769a1b78a27578f13a17b -> 
  custom:video-decoder-webm-vp8: 9c59270c3fd7afecdb556c50c9e8de78 -> 
  custom:SearchIndexIgnoredProperties: e643bd26f0fe6173181afceb89e7c659 -> 
  custom:AudioImporter_EditorPlatform: d09bf68614088b80899f8185d706f6e7 -> 
  custom:video-encoder-webm-vp8: eb34c28f22e8b96e1ab97ce403110664 -> 
  custom:audio-decoder-ogg-vorbis: bf7c407c2cedff20999df2af8eb42d56 -> 
  custom:audio-encoder-webm-vorbis: bf7c407c2cedff20999df2af8eb42d56 -> 
========================================================================
Received Import Request.
  Time since last request: 76.012553 seconds.
  path: Assets/Kyubi closet/Maya/Expressions/SubMenus
  artifactKey: Guid(49826622c1999f34abaf1aa716175c88) Importer(815301076,1909f56bfc062723c751e8b465ee728b)
Start importing Assets/Kyubi closet/Maya/Expressions/SubMenus using Guid(49826622c1999f34abaf1aa716175c88) Importer(815301076,1909f56bfc062723c751e8b465ee728b)  -> (artifact id: '1afbc9277c53b21cdc31bc3c84d13479') in 0.002204 seconds
Number of updated asset objects reloaded before import = 0
Number of asset objects unloaded after import = 0
========================================================================
Received Import Request.
  Time since last request: 5.692380 seconds.
  path: Assets/Kyubi closet/Maya/Animations/Fx
  artifactKey: Guid(c60d29bfa9ec3ec40a91a45d4041e0ca) Importer(815301076,1909f56bfc062723c751e8b465ee728b)
Start importing Assets/Kyubi closet/Maya/Animations/Fx using Guid(c60d29bfa9ec3ec40a91a45d4041e0ca) Importer(815301076,1909f56bfc062723c751e8b465ee728b)  -> (artifact id: '8d2d9b581786ba34fd4e6e09fdabd462') in 0.000645 seconds
Number of updated asset objects reloaded before import = 0
Number of asset objects unloaded after import = 0
========================================================================
Received Import Request.
  Time since last request: 0.978867 seconds.
  path: Assets/Kyubi closet/Maya/Animations/Fx/BreastSize
  artifactKey: Guid(355fe8baa459d154581bd84364944c76) Importer(815301076,1909f56bfc062723c751e8b465ee728b)
Start importing Assets/Kyubi closet/Maya/Animations/Fx/BreastSize using Guid(355fe8baa459d154581bd84364944c76) Importer(815301076,1909f56bfc062723c751e8b465ee728b)  -> (artifact id: '4a856b264e0f4dec019a1795901a362d') in 0.000569 seconds
Number of updated asset objects reloaded before import = 0
Number of asset objects unloaded after import = 0
========================================================================
Received Import Request.
  Time since last request: 1.210741 seconds.
  path: Assets/Kyubi closet/Maya/Animations/Fx/BreastSize/BreastSize.anim
  artifactKey: Guid(3c10290649d222849833c639608636ab) Importer(815301076,1909f56bfc062723c751e8b465ee728b)
Start importing Assets/Kyubi closet/Maya/Animations/Fx/BreastSize/BreastSize.anim using Guid(3c10290649d222849833c639608636ab) Importer(815301076,1909f56bfc062723c751e8b465ee728b)  -> (artifact id: '8eef5e0d98b04be8af71a81d8a53caf0') in 0.009598 seconds
Number of updated asset objects reloaded before import = 0
Number of asset objects unloaded after import = 1
========================================================================
Received Import Request.
  Time since last request: 9.941058 seconds.
  path: Assets/Kyubi closet/Maya/Animations/Fx/BreastSize/Body all.controller
  artifactKey: Guid(2ecf793b25e82004f830840a65ad2239) Importer(815301076,1909f56bfc062723c751e8b465ee728b)
Start importing Assets/Kyubi closet/Maya/Animations/Fx/BreastSize/Body all.controller using Guid(2ecf793b25e82004f830840a65ad2239) Importer(815301076,1909f56bfc062723c751e8b465ee728b)  -> (artifact id: '196801558165ca6e4abf22ed325ff1fc') in 0.002045 seconds
Number of updated asset objects reloaded before import = 0
Number of asset objects unloaded after import = 4
========================================================================
Received Import Request.
  Time since last request: 13.105422 seconds.
  path: Assets/Kyubi closet/Maya/Expressions/Icons
  artifactKey: Guid(9b81b0e2884065240bcc089db9bd4360) Importer(815301076,1909f56bfc062723c751e8b465ee728b)
Start importing Assets/Kyubi closet/Maya/Expressions/Icons using Guid(9b81b0e2884065240bcc089db9bd4360) Importer(815301076,1909f56bfc062723c751e8b465ee728b)  -> (artifact id: '673c600b6562e27f7e32f3b0ba350f00') in 0.000659 seconds
Number of updated asset objects reloaded before import = 0
Number of asset objects unloaded after import = 0
========================================================================
Received Import Request.
  Time since last request: 19.958187 seconds.
  path: Assets/Kyubi closet/Maya/Houki/Animations
  artifactKey: Guid(23d03b159f14b8e4b93a9fde82c61fb9) Importer(815301076,1909f56bfc062723c751e8b465ee728b)
Start importing Assets/Kyubi closet/Maya/Houki/Animations using Guid(23d03b159f14b8e4b93a9fde82c61fb9) Importer(815301076,1909f56bfc062723c751e8b465ee728b)  -> (artifact id: 'e0e4ab0c75fd60c30463cb4e81bf5485') in 0.000867 seconds
Number of updated asset objects reloaded before import = 0
Number of asset objects unloaded after import = 0
========================================================================
Received Import Request.
  Time since last request: 16.367223 seconds.
  path: Assets/Kyubi closet/Maya/Animations/Maya_Locomotion.controller
  artifactKey: Guid(44d0bb8c1725ebf45b1935244c625af0) Importer(815301076,1909f56bfc062723c751e8b465ee728b)
Start importing Assets/Kyubi closet/Maya/Animations/Maya_Locomotion.controller using Guid(44d0bb8c1725ebf45b1935244c625af0) Importer(815301076,1909f56bfc062723c751e8b465ee728b)  -> (artifact id: 'bf24b3aa8ef34c672441e62662f27ece') in 0.004507 seconds
Number of updated asset objects reloaded before import = 0
Number of asset objects unloaded after import = 49
========================================================================
Received Import Request.
  Time since last request: 2.178437 seconds.
  path: Assets/Kyubi closet/Maya/Animations/Maya_FX (For Edit).controller
  artifactKey: Guid(3563332b500ee7742b08003f912423c8) Importer(815301076,1909f56bfc062723c751e8b465ee728b)
Start importing Assets/Kyubi closet/Maya/Animations/Maya_FX (For Edit).controller using Guid(3563332b500ee7742b08003f912423c8) Importer(815301076,1909f56bfc062723c751e8b465ee728b)  -> (artifact id: '95186ee698e2516210a2510c53702b91') in 0.044374 seconds
Number of updated asset objects reloaded before import = 0
Number of asset objects unloaded after import = 141
========================================================================
Received Import Request.
  Time since last request: 10.896019 seconds.
  path: Assets/Scenes/SampleScene.unity
  artifactKey: Guid(9fc0d4010bbf28b4594072e72b8655ab) Importer(815301076,1909f56bfc062723c751e8b465ee728b)
Start importing Assets/Scenes/SampleScene.unity using Guid(9fc0d4010bbf28b4594072e72b8655ab) Importer(815301076,1909f56bfc062723c751e8b465ee728b)  -> (artifact id: '893a1e3bd4b0d89c1280abe89f6e17f6') in 0.000522 seconds
Number of updated asset objects reloaded before import = 0
Number of asset objects unloaded after import = 0
========================================================================
Received Import Request.
  Time since last request: 4.273139 seconds.
  path: Assets/Toon/Shader
  artifactKey: Guid(ad417645f682ca346b6762e2619802be) Importer(815301076,1909f56bfc062723c751e8b465ee728b)
Start importing Assets/Toon/Shader using Guid(ad417645f682ca346b6762e2619802be) Importer(815301076,1909f56bfc062723c751e8b465ee728b)  -> (artifact id: '4a8194f72d0e7d34cb45a6b3fbcad543') in 0.000733 seconds
Number of updated asset objects reloaded before import = 0
Number of asset objects unloaded after import = 0
========================================================================
Received Prepare
Begin MonoManager ReloadAssembly
- Loaded All Assemblies, in  0.467 seconds
Refreshing native plugins compatible for Editor in 2.78 ms, found 3 plugins.
Native extension for WindowsStandalone target not found
[Package Manager] Server::EnsureServerProcessIsRunning -- launch failed, reason: Unity was launched with the -noUpm command-line argument
[Package Manager] UpmClient::Send -- Unable to send message (not connected to UPM process).
[Package Manager] Cannot connect to Unity Package Manager local server
Mono: successfully reloaded assembly
- Finished resetting the current domain, in  1.013 seconds
Domain Reload Profiling: 1477ms
	BeginReloadAssembly (170ms)
		ExecutionOrderSort (0ms)
		DisableScriptedObjects (6ms)
		BackupInstance (0ms)
		ReleaseScriptingObjects (0ms)
		CreateAndSetChildDomain (44ms)
	RebuildCommonClasses (33ms)
	RebuildNativeTypeToScriptingClass (9ms)
	initialDomainReloadingComplete (32ms)
	LoadAllAssembliesAndSetupDomain (219ms)
		LoadAssemblies (295ms)
		RebuildTransferFunctionScriptingTraits (0ms)
		AnalyzeDomain (12ms)
			TypeCache.Refresh (6ms)
				TypeCache.ScanAssembly (0ms)
			ScanForSourceGeneratedMonoScriptInfo (0ms)
			ResolveRequiredComponents (4ms)
	FinalizeReload (1014ms)
		ReleaseScriptCaches (0ms)
		RebuildScriptCaches (0ms)
		SetupLoadedEditorAssemblies (456ms)
			LogAssemblyErrors (0ms)
			InitializePlatformSupportModulesInManaged (10ms)
			SetLoadedEditorAssemblies (4ms)
			RefreshPlugins (0ms)
			BeforeProcessingInitializeOnLoad (78ms)
			ProcessInitializeOnLoadAttributes (326ms)
			ProcessInitializeOnLoadMethodAttributes (28ms)
			AfterProcessingInitializeOnLoad (10ms)
			EditorAssembliesLoaded (0ms)
		ExecutionOrderSort2 (0ms)
		AwakeInstancesAfterBackupRestoration (9ms)
Refreshing native plugins compatible for Editor in 4.80 ms, found 3 plugins.
Preloading 0 native plugins for Editor in 0.00 ms.
Unloading 3148 Unused Serialized files (Serialized files now loaded: 0)
Unloading 83 unused Assets / (10.7 MB). Loaded Objects now: 3665.
Memory consumption went from 176.7 MB to 165.9 MB.
Total: 17.640900 ms (FindLiveObjects: 1.051800 ms CreateObjectMapping: 0.137500 ms MarkObjects: 4.827400 ms  DeleteObjects: 11.621600 ms)

Prepare: number of updated asset objects reloaded= 0
AssetImportParameters requested are different than current active one (requested -> active):
  custom:container-demuxer-ogg: 62fdf1f143b41e24485cea50d1cbac27 -> 
  custom:video-decoder-ogg-theora: a1e56fd34408186e4bbccfd4996cb3dc -> 
  custom:framework-win-MediaFoundation: 216162199b28c13a410421893ffa2e32 -> 
  custom:CustomObjectIndexerAttribute: 9a22284fe3817be447336de3de66b15e -> 
  custom:container-demuxer-webm: 4f35f7cbe854078d1ac9338744f61a02 -> 
  custom:container-muxer-webm: aa71ff27fc2769a1b78a27578f13a17b -> 
  custom:video-decoder-webm-vp8: 9c59270c3fd7afecdb556c50c9e8de78 -> 
  custom:SearchIndexIgnoredProperties: e643bd26f0fe6173181afceb89e7c659 -> 
  custom:AudioImporter_EditorPlatform: d09bf68614088b80899f8185d706f6e7 -> 
  custom:video-encoder-webm-vp8: eb34c28f22e8b96e1ab97ce403110664 -> 
  custom:audio-decoder-ogg-vorbis: bf7c407c2cedff20999df2af8eb42d56 -> 
  custom:audio-encoder-webm-vorbis: bf7c407c2cedff20999df2af8eb42d56 -> 
========================================================================
Received Prepare
Begin MonoManager ReloadAssembly
- Loaded All Assemblies, in  0.473 seconds
Refreshing native plugins compatible for Editor in 3.44 ms, found 3 plugins.
Native extension for WindowsStandalone target not found
[Package Manager] Server::EnsureServerProcessIsRunning -- launch failed, reason: Unity was launched with the -noUpm command-line argument
[Package Manager] UpmClient::Send -- Unable to send message (not connected to UPM process).
[Package Manager] Cannot connect to Unity Package Manager local server
Mono: successfully reloaded assembly
- Finished resetting the current domain, in  1.040 seconds
Domain Reload Profiling: 1510ms
	BeginReloadAssembly (166ms)
		ExecutionOrderSort (0ms)
		DisableScriptedObjects (5ms)
		BackupInstance (0ms)
		ReleaseScriptingObjects (0ms)
		CreateAndSetChildDomain (39ms)
	RebuildCommonClasses (34ms)
	RebuildNativeTypeToScriptingClass (9ms)
	initialDomainReloadingComplete (32ms)
	LoadAllAssembliesAndSetupDomain (228ms)
		LoadAssemblies (306ms)
		RebuildTransferFunctionScriptingTraits (0ms)
		AnalyzeDomain (11ms)
			TypeCache.Refresh (6ms)
				TypeCache.ScanAssembly (0ms)
			ScanForSourceGeneratedMonoScriptInfo (0ms)
			ResolveRequiredComponents (3ms)
	FinalizeReload (1041ms)
		ReleaseScriptCaches (0ms)
		RebuildScriptCaches (0ms)
		SetupLoadedEditorAssemblies (464ms)
			LogAssemblyErrors (0ms)
			InitializePlatformSupportModulesInManaged (11ms)
			SetLoadedEditorAssemblies (3ms)
			RefreshPlugins (0ms)
			BeforeProcessingInitializeOnLoad (74ms)
			ProcessInitializeOnLoadAttributes (332ms)
			ProcessInitializeOnLoadMethodAttributes (34ms)
			AfterProcessingInitializeOnLoad (9ms)
			EditorAssembliesLoaded (0ms)
		ExecutionOrderSort2 (0ms)
		AwakeInstancesAfterBackupRestoration (10ms)
Refreshing native plugins compatible for Editor in 4.72 ms, found 3 plugins.
Preloading 0 native plugins for Editor in 0.00 ms.
Unloading 3149 Unused Serialized files (Serialized files now loaded: 0)
Unloading 83 unused Assets / (10.7 MB). Loaded Objects now: 3668.
Memory consumption went from 178.8 MB to 168.1 MB.
Total: 14.463100 ms (FindLiveObjects: 0.786400 ms CreateObjectMapping: 0.137600 ms MarkObjects: 3.327500 ms  DeleteObjects: 10.209100 ms)

Prepare: number of updated asset objects reloaded= 0
AssetImportParameters requested are different than current active one (requested -> active):
  custom:container-demuxer-ogg: 62fdf1f143b41e24485cea50d1cbac27 -> 
  custom:video-decoder-ogg-theora: a1e56fd34408186e4bbccfd4996cb3dc -> 
  custom:framework-win-MediaFoundation: 216162199b28c13a410421893ffa2e32 -> 
  custom:CustomObjectIndexerAttribute: 9a22284fe3817be447336de3de66b15e -> 
  custom:container-demuxer-webm: 4f35f7cbe854078d1ac9338744f61a02 -> 
  custom:container-muxer-webm: aa71ff27fc2769a1b78a27578f13a17b -> 
  custom:video-decoder-webm-vp8: 9c59270c3fd7afecdb556c50c9e8de78 -> 
  custom:SearchIndexIgnoredProperties: e643bd26f0fe6173181afceb89e7c659 -> 
  custom:AudioImporter_EditorPlatform: d09bf68614088b80899f8185d706f6e7 -> 
  custom:video-encoder-webm-vp8: eb34c28f22e8b96e1ab97ce403110664 -> 
  custom:audio-decoder-ogg-vorbis: bf7c407c2cedff20999df2af8eb42d56 -> 
  custom:audio-encoder-webm-vorbis: bf7c407c2cedff20999df2af8eb42d56 -> 
